[15:33:08] [main/INFO]: Loading Minecraft 1.21.1 with Fabric Loader 0.16.3
[15:33:08] [main/INFO]: Loading 4 mods:
	- fabricloader 0.16.3
	   \-- mixinextras 0.4.1
	- java 21
	- minecraft 1.21.1
[15:33:08] [main/INFO]: SpongePowered MIXIN Subsystem Version=0.8.7 Source=file:/workspaces/caramonda/servidor_minecraft/libraries/net/fabricmc/sponge-mixin/0.15.2+mixin.0.8.7/sponge-mixin-0.15.2+mixin.0.8.7.jar Service=Knot/Fabric Env=SERVER
[15:33:16] [main/INFO]: Environment: Environment[sessionHost=https://sessionserver.mojang.com, servicesHost=https://api.minecraftservices.com, name=PROD]
[15:33:18] [main/INFO]: Loaded 1290 recipes
[15:33:19] [main/INFO]: Loaded 1399 advancements
[15:33:19] [Server thread/INFO]: Starting minecraft server version 1.21.1
[15:33:19] [Server thread/INFO]: Loading properties
[15:33:19] [Server thread/INFO]: Default game type: SURVIVAL
[15:33:19] [Server thread/INFO]: Generating keypair
[15:33:20] [Server thread/INFO]: Starting Minecraft server on *:25565
[15:33:20] [Server thread/INFO]: Using epoll channel type
[15:33:20] [Server thread/WARN]: **** SERVER IS RUNNING IN OFFLINE/INSECURE MODE!
[15:33:20] [Server thread/WARN]: The server will make no attempt to authenticate usernames. Beware.
[15:33:20] [Server thread/WARN]: While this makes the game possible to play without internet access, it also opens up the ability for hackers to connect with any username they choose.
[15:33:20] [Server thread/WARN]: To change this, set "online-mode" to "true" in the server.properties file.
[15:33:20] [Server thread/INFO]: Preparing level "world"
[15:33:24] [Server thread/INFO]: Preparing start region for dimension minecraft:overworld
[15:33:25] [Worker-Main-1/INFO]: Preparing spawn area: 0%
[15:33:25] [Server thread/INFO]: Time elapsed: 557 ms
[15:33:25] [Server thread/INFO]: Done (5.221s)! For help, type "help"
[15:36:22] [Server thread/INFO]: diegorompecks[/127.39.20.82:60677] logged in with entity id 7 at (249.57667202269258, 132.0, -355.5197514841209)
[15:36:22] [Server thread/INFO]: diegorompecks joined the game
[15:44:40] [Server thread/INFO]: Villager class_1646['Fletcher'/31, l='ServerLevel[Mundo nuevo]', x=250.68, y=132.00, z=-329.32] died, message: 'Fletcher was slain by Zombie'
[15:55:55] [Server thread/INFO]: Villager class_1646['Fletcher'/17, l='ServerLevel[Mundo nuevo]', x=241.30, y=131.00, z=-354.50] died, message: 'Fletcher was slain by Zombie'
